IGES to UG
! INFO-     NX V8.0 / IGES Specification 5.3
! INFO-      
! INFO-     Start of Translation: 20-AUG-2017  4:48:07 PM
! INFO-      
! STATUS-   Converting Part: D:\engg\efficycle\New folder\Part2.igs
! SUMMARY-   
! SUMMARY-  Summary of Supported IGES Entities in file
! SUMMARY-   
! SUMMARY-  Entity Type                    Count
! SUMMARY-  -----------                    -----
! SUMMARY-  Line (110/0).................:    17
! SUMMARY-  Circular Arc (100/0).........:     1
! SUMMARY-  Conic Arc (104/0-3)..........:     2
! SUMMARY-  B-Spline Curve (126/0-4).....:  1566
! SUMMARY-  B-Spline Surface (128/0-9)...:   641
! SUMMARY-  Trans Matrix (124/0,1,10,12).:     3
! SUMMARY-  Color Definition (314/0,1)...:     3
! SUMMARY-  Level Function (406/3).......:     5
! SUMMARY-  Name (406/15)................:     1
! SUMMARY-  Manifold Solid B-Rep (186/0).:     1
! SUMMARY-  Shell (514/*)................:    37
! SUMMARY-                                 -----
! SUMMARY-  Total                           2277
! STATUS-    
! STATUS-   Converting to Output Form (Phase 2 of 3): 20-AUG-2017 4:48:08 PM
! STATUS-    
! STATUS-   Creating the UG part (Phase 3 of 3): 20-AUG-2017  4:48:08 PM
! STATUS-    
! STATUS-   Creating UG solid body from Input Ent Id 57
! STATUS-    
! STATUS-   fixing vertex and/or edge off surface faults
! STATUS-    
! STATUS-   simplifying Bsplines to analytics
! STATUS-    
! STATUS-   converting tolerant edges into exact edges
! STATUS-    
! STATUS-   doing final check of body to report any faults
! STATUS-    
! WARNING-  solid body contains fault: 13835 - RTSTRS: Regions of body are inconsistent.
! WARNING-  solid body (Solid1) contains faults that could not be corrected
! WARNING-   
! INFO-     Filing Part ..: D:\engg\efficycle\New folder\Part2_igs.prt
! SUMMARY-   
! SUMMARY-  Summary of Unigraphics Input Entities
! SUMMARY-   
! SUMMARY-  Entities Processed             Count
! SUMMARY-  ------------------             -----
! SUMMARY-  Line ........................:    17
! SUMMARY-  Arc/Circle ..................:     1
! SUMMARY-  Conic .......................:     2
! SUMMARY-  Part Attribute ..............:     6
! SUMMARY-  Layer Category ..............:     5
! SUMMARY-  Matrix ......................:     3
! SUMMARY-  Solid .......................:     1
! SUMMARY-                                 -----
! SUMMARY-  Total                             35
! INFO-      
! INFO-     End of Translation: 20-AUG-2017  4:48:32 PM
! INFO-      
