STEP to UG
! INFO-     NX STEP AP203 - V8.0
! INFO-      
! INFO-     Start of Translation: 26-AUG-2017  11:26:18 AM
! INFO-      
! STATUS-   Converting Part: D:\engg\efficycle\New folder\Untitled v2.step
! SUMMARY-   
! SUMMARY-    STEP Header Information
! SUMMARY-   
! SUMMARY-  Description      Unknown
! SUMMARY-  Imp_Level        2;1
! SUMMARY-  File_Name        D:/engg/efficycle/New folder/Untitled v2.step
! SUMMARY-  Date             2017-08-23T19:49:48+05:00
! SUMMARY-  Author           Unknown
! SUMMARY-  Organization     Unknown
! SUMMARY-  Pre_Version      ST-DEVELOPER v16.13
! SUMMARY-  Orig_System      Autodesk Translation Framework v6.1.1.50
! SUMMARY-  Authorization    Unknown
! SUMMARY-  Schema_ID        automotive_design
! SUMMARY-   
! SUMMARY-    Summary of STEP Entities
! SUMMARY-   
! SUMMARY-  Entity Type                                                   Count
! SUMMARY-  -----------                                                   ------
! SUMMARY-  advanced_brep_shape_representation .........................:      1
! SUMMARY-  advanced_face ..............................................:     85
! SUMMARY-  application_context ........................................:      1
! SUMMARY-  application_protocol_definition ............................:      1
! SUMMARY-  axis2_placement_3d .........................................:    203
! SUMMARY-  b_spline_curve_with_knots ..................................:     31
! SUMMARY-  brep_with_voids ............................................:      1
! SUMMARY-  cartesian_point ............................................:   1168
! SUMMARY-  circle .....................................................:     34
! SUMMARY-  closed_shell ...............................................:      6
! SUMMARY-  cylindrical_surface ........................................:     64
! SUMMARY-  direction ..................................................:    432
! SUMMARY-  edge_curve .................................................:    174
! SUMMARY-  edge_loop ..................................................:    121
! SUMMARY-  ellipse ....................................................:     83
! SUMMARY-  face_bound .................................................:     36
! SUMMARY-  face_outer_bound ...........................................:     85
! SUMMARY-  geometric_representation_context_and_global_uncertainty_a ..:      2
! SUMMARY-  length_unit_and_si_unit ....................................:      1
! SUMMARY-  line .......................................................:     26
! SUMMARY-  oriented_closed_shell ......................................:      5
! SUMMARY-  oriented_edge ..............................................:    352
! SUMMARY-  plane ......................................................:     18
! SUMMARY-  plane_angle_unit_and_si_unit ...............................:      1
! SUMMARY-  product ....................................................:      1
! SUMMARY-  product_context ............................................:      1
! SUMMARY-  product_definition .........................................:      1
! SUMMARY-  product_definition_context .................................:      1
! SUMMARY-  product_definition_formation ...............................:      1
! SUMMARY-  product_definition_shape ...................................:      1
! SUMMARY-  product_related_product_category ...........................:      1
! SUMMARY-  shape_definition_representation ............................:      1
! SUMMARY-  shape_representation .......................................:      1
! SUMMARY-  shape_representation_relationship ..........................:      1
! SUMMARY-  si_unit_and_solid_angle_unit ...............................:      1
! SUMMARY-  toroidal_surface ...........................................:      3
! SUMMARY-  uncertainty_measure_with_unit ..............................:      2
! SUMMARY-  vector .....................................................:     26
! SUMMARY-  vertex_point ...............................................:    123
! SUMMARY-                                                               -------
! SUMMARY-  Total                                                           3096
! STATUS-    
! STATUS-   Converting to Output Form (Phase 2 of 3): 26-AUG-2017 11:26:18 AM
! STATUS-    
! STATUS-    
! STATUS-   Generating UG geometry and placing them in parts
! STATUS-    
! STATUS-   Creating the UG part (Phase 3 of 3): 26-AUG-2017  11:26:18 AM
! STATUS-    
! STATUS-   Creating UG solid body from Input Ent Id 1286
! STATUS-    
! ERROR-    CRTOBY Failure - Error code : 15111 - Too many parents. : 638
! ERROR-     
! INFO-     Could not create solid body because of topology creation, geometry
! INFO-     creation, or failure to attach geometry to topology.  Will attempt
! INFO-     to convert as many solid body faces to individual single-faced sheet
! INFO-     bodies as possible.
! INFO-      
! INFO-     Filing Part ..: D:\engg\efficycle\New folder\Untitled v2.prt
! SUMMARY-   
! SUMMARY-  Summary of Unigraphics Part Entities
! SUMMARY-   
! SUMMARY-  Entities Processed             Count
! SUMMARY-  ------------------             -----
! SUMMARY-  Group .......................:     1
! SUMMARY-                                 -----
! SUMMARY-  Total                              1
! INFO-      
! INFO-     Total number of solids input for this translation       :         1
! INFO-      
! INFO-     Number of solids created without body validation faults :         0
! INFO-      
! INFO-     Number of solids created with body validation fault(s)  :         0
! INFO-      
! INFO-     Number of solids ending up as sheet bodies              :         1
! INFO-      
! INFO-     End of Translation: 26-AUG-2017  11:26:29 AM
! INFO-      
